This is pdfTeX, Version 3.14159265-2.6-1.40.16 (MiKTeX 2.9) (preloaded format=pdflatex 2015.10.23)  25 OCT 2015 16:47
entering extended mode
**C:/Users/Geoffrey/Desktop/piecatV2/Report/unswthesis-2.0/implementation.tex
(C:/Users/Geoffrey/Desktop/piecatV2/Report/unswthesis-2.0/implementation.tex
LaTeX2e <2015/01/01> patch level 2
Babel <3.9m> and hyphenation patterns for 69 languages loaded.
! Undefined control sequence.
l.3 \chapter
            {Implementation}\label{ch:implementation}
? 
! Emergency stop.
l.3 \chapter
            {Implementation}\label{ch:implementation}
End of file on the terminal!

 
Here is how much of TeX's memory you used:
 7 strings out of 493673
 293 string characters out of 3141951
 52455 words of memory out of 3000000
 3454 multiletter control sequences out of 15000+200000
 3640 words of font info for 14 fonts, out of 3000000 for 9000
 1025 hyphenation exceptions out of 8191
 5i,0n,1p,128b,8s stack positions out of 5000i,500n,10000p,200000b,50000s
!  ==> Fatal error occurred, no output PDF file produced!
