This is pdfTeX, Version 3.14159265-2.6-1.40.16 (MiKTeX 2.9) (preloaded format=pdflatex 2015.10.17)  25 OCT 2015 21:46
entering extended mode
**C:/Users/Geoffrey/Desktop/piecatV3/Report/unswthesis-2.0/sample-thesis.tex
(C:/Users/Geoffrey/Desktop/piecatV3/Report/unswthesis-2.0/sample-thesis.tex
LaTeX2e <2015/01/01> patch level 2
Babel <3.9m> and hyphenation patterns for 69 languages loaded.
(unswthesis.cls
Document Class: unswthesis 2015/04/30 v2.0.1 Faculty of Engineering, University
 of NSW Thesis Class
(C:\Users\Geoffrey\Desktop\Miktex\tex\latex\fancyhdr\fancyhdr.sty
\fancy@headwidth=\skip41
\f@ncyO@elh=\skip42
\f@ncyO@erh=\skip43
\f@ncyO@olh=\skip44
\f@ncyO@orh=\skip45
\f@ncyO@elf=\skip46
\f@ncyO@erf=\skip47
\f@ncyO@olf=\skip48
\f@ncyO@orf=\skip49
)
(C:\Users\Geoffrey\Desktop\Miktex\tex\latex\graphics\graphics.sty
Package: graphics 2014/10/28 v1.0p Standard LaTeX Graphics (DPC,SPQR)

(C:\Users\Geoffrey\Desktop\Miktex\tex\latex\graphics\trig.sty
Package: trig 1999/03/16 v1.09 sin cos tan (DPC)
)
(C:\Users\Geoffrey\Desktop\Miktex\tex\latex\00miktex\graphics.cfg
File: graphics.cfg 2007/01/18 v1.5 graphics configuration of teTeX/TeXLive
)
Package graphics Info: Driver file: pdftex.def on input line 94.

(C:\Users\Geoffrey\Desktop\Miktex\tex\latex\pdftex-def\pdftex.def
File: pdftex.def 2011/05/27 v0.06d Graphics/color for pdfTeX

(C:\Users\Geoffrey\Desktop\Miktex\tex\generic\oberdiek\infwarerr.sty
Package: infwarerr 2010/04/08 v1.3 Providing info/warning/error messages (HO)
)
(C:\Users\Geoffrey\Desktop\Miktex\tex\generic\oberdiek\ltxcmds.sty
Package: ltxcmds 2011/11/09 v1.22 LaTeX kernel commands for general use (HO)
)
\Gread@gobject=\count79
))
(C:\Users\Geoffrey\Desktop\Miktex\tex\latex\units\units.sty
Package: units 1998/08/04 v0.9b Typesetting units

(C:\Users\Geoffrey\Desktop\Miktex\tex\latex\base\ifthen.sty
Package: ifthen 2014/09/29 v1.1c Standard LaTeX ifthen package (DPC)
)
(C:\Users\Geoffrey\Desktop\Miktex\tex\latex\units\nicefrac.sty
Package: nicefrac 1998/08/04 v0.9b Nice fractions
\L@UnitsRaiseDisplaystyle=\skip50
\L@UnitsRaiseTextstyle=\skip51
\L@UnitsRaiseScriptstyle=\skip52
))
(C:\Users\Geoffrey\Desktop\Miktex\tex\latex\base\book.cls
Document Class: book 2014/09/29 v1.4h Standard LaTeX document class
(C:\Users\Geoffrey\Desktop\Miktex\tex\latex\base\bk11.clo
File: bk11.clo 2014/09/29 v1.4h Standard LaTeX file (size option)
)
\c@part=\count80
\c@chapter=\count81
\c@section=\count82
\c@subsection=\count83
\c@subsubsection=\count84
\c@paragraph=\count85
\c@subparagraph=\count86
\c@figure=\count87
\c@table=\count88
\abovecaptionskip=\skip53
\belowcaptionskip=\skip54
\bibindent=\dimen102
)
(C:\Users\Geoffrey\Desktop\Miktex\tex\latex\sauerj\collect.sty
Package: collect 2004/09/12 v0.9 collect the contents of an environment
\CE@tmp@out=\write3
)
\CE@@@bstract@out=\write4

(C:\Users\Geoffrey\Desktop\Miktex\tex\latex\geometry\geometry.sty
Package: geometry 2010/09/12 v5.6 Page Geometry

(C:\Users\Geoffrey\Desktop\Miktex\tex\latex\graphics\keyval.sty
Package: keyval 2014/10/28 v1.15 key=value parser (DPC)
\KV@toks@=\toks14
)
(C:\Users\Geoffrey\Desktop\Miktex\tex\generic\oberdiek\ifpdf.sty
Package: ifpdf 2011/01/30 v2.3 Provides the ifpdf switch (HO)
Package ifpdf Info: pdfTeX in PDF mode is detected.
)
(C:\Users\Geoffrey\Desktop\Miktex\tex\generic\oberdiek\ifvtex.sty
Package: ifvtex 2010/03/01 v1.5 Detect VTeX and its facilities (HO)
Package ifvtex Info: VTeX not detected.
)
(C:\Users\Geoffrey\Desktop\Miktex\tex\generic\ifxetex\ifxetex.sty
Package: ifxetex 2010/09/12 v0.6 Provides ifxetex conditional
)
\Gm@cnth=\count89
\Gm@cntv=\count90
\c@Gm@tempcnt=\count91
\Gm@bindingoffset=\dimen103
\Gm@wd@mp=\dimen104
\Gm@odd@mp=\dimen105
\Gm@even@mp=\dimen106
\Gm@layoutwidth=\dimen107
\Gm@layoutheight=\dimen108
\Gm@layouthoffset=\dimen109
\Gm@layoutvoffset=\dimen110
\Gm@dimlist=\toks15

(C:\Users\Geoffrey\Desktop\Miktex\tex\latex\geometry\geometry.cfg))
\botmargin=\skip55
)
(C:\Users\Geoffrey\Desktop\Miktex\tex\latex\graphics\graphicx.sty
Package: graphicx 2014/10/28 v1.0g Enhanced LaTeX Graphics (DPC,SPQR)
\Gin@req@height=\dimen111
\Gin@req@width=\dimen112
)
(C:\Users\Geoffrey\Desktop\Miktex\tex\latex\caption\caption.sty
Package: caption 2015/09/17 v3.3-111 Customizing captions (AR)

(C:\Users\Geoffrey\Desktop\Miktex\tex\latex\caption\caption3.sty
Package: caption3 2015/09/20 v1.7-115 caption3 kernel (AR)
Package caption3 Info: TeX engine: e-TeX on input line 57.
\captionmargin=\dimen113
\captionmargin@=\dimen114
\captionwidth=\dimen115
\caption@tempdima=\dimen116
\caption@indent=\dimen117
\caption@parindent=\dimen118
\caption@hangindent=\dimen119
)
\c@ContinuedFloat=\count92
)
\@input{definitions.aux}
(definitions.tex) (sample-thesis.aux (abstract.aux) (acknowledgements.aux)
(introduction.aux) (background.aux) (design.aux) (implementation.aux)
(evaluation.aux) (conclusion.aux))
LaTeX Font Info:    Checking defaults for OML/cmm/m/it on input line 41.
LaTeX Font Info:    ... okay on input line 41.
LaTeX Font Info:    Checking defaults for T1/cmr/m/n on input line 41.
LaTeX Font Info:    ... okay on input line 41.
LaTeX Font Info:    Checking defaults for OT1/cmr/m/n on input line 41.
LaTeX Font Info:    ... okay on input line 41.
LaTeX Font Info:    Checking defaults for OMS/cmsy/m/n on input line 41.
LaTeX Font Info:    ... okay on input line 41.
LaTeX Font Info:    Checking defaults for OMX/cmex/m/n on input line 41.
LaTeX Font Info:    ... okay on input line 41.
LaTeX Font Info:    Checking defaults for U/cmr/m/n on input line 41.
LaTeX Font Info:    ... okay on input line 41.

(C:\Users\Geoffrey\Desktop\Miktex\tex\context\base\supp-pdf.mkii
[Loading MPS to PDF converter (version 2006.09.02).]
\scratchcounter=\count93
\scratchdimen=\dimen120
\scratchbox=\box26
\nofMPsegments=\count94
\nofMParguments=\count95
\everyMPshowfont=\toks16
\MPscratchCnt=\count96
\MPscratchDim=\dimen121
\MPnumerator=\count97
\makeMPintoPDFobject=\count98
\everyMPtoPDFconversion=\toks17
)
*geometry* driver: auto-detecting
*geometry* detected driver: pdftex
*geometry* verbose mode - [ preamble ] result:
* driver: pdftex
* paper: <default>
* layout: <same size as paper>
* layoutoffset:(h,v)=(0.0pt,0.0pt)
* modes: twoside 
* h-part:(L,W,R)=(71.70166pt, 418.25368pt, 107.55254pt)
* v-part:(T,H,B)=(101.40665pt, 591.5302pt, 152.11pt)
* \paperwidth=597.50787pt
* \paperheight=845.04684pt
* \textwidth=412.56497pt
* \textheight=629.33034pt
* \oddsidemargin=41.54103pt
* \evensidemargin=-1.1381pt
* \topmargin=-1.1381pt
* \headheight=25.0pt
* \headsep=20.0pt
* \topskip=11.0pt
* \footskip=42.67912pt
* \marginparwidth=71.13188pt
* \marginparsep=7.0pt
* \columnsep=10.0pt
* \skip\footins=10.0pt plus 4.0pt minus 2.0pt
* \hoffset=0.0pt
* \voffset=0.0pt
* \mag=1000
* \@twocolumnfalse
* \@twosidetrue
* \@mparswitchtrue
* \@reversemarginfalse
* (1in=72.27pt=25.4mm, 1cm=28.453pt)

\@tmpb@x=\box27
\@titlewidth=\dimen122
Package caption Info: Begin \AtBeginDocument code.
Package caption Info: End \AtBeginDocument code.
LaTeX Font Info:    Try loading font information for OT1+phv on input line 45.
(C:\Users\Geoffrey\Desktop\Miktex\tex\latex\psnfss\ot1phv.fd
File: ot1phv.fd 2001/06/04 scalable font definitions for OT1/phv.
)
<crest.pdf, id=1, 147.27522pt x 154.20912pt>
File: crest.pdf Graphic file (type pdf)
 <use crest.pdf>
Package pdftex.def Info: crest.pdf used on input line 45.
(pdftex.def)             Requested size: 147.27486pt x 154.20872pt.
LaTeX Font Info:    Calculating math sizes for size <14> on input line 45.
LaTeX Font Info:    External font `cmex10' loaded for size
(Font)              <14> on input line 45.
LaTeX Font Info:    External font `cmex10' loaded for size
(Font)              <9.79996> on input line 45.
LaTeX Font Info:    External font `cmex10' loaded for size
(Font)              <7> on input line 45.
 [1





{C:/Users/Geoffrey/AppData/Local/MiKTeX/2.9/pdftex/config/pdftex.map} <./crest.
pdf>]
(abstract.tex
Missing character: There is no ‚ in font cmr10!
Missing character: There is no Ä in font cmr10!
Missing character: There is no ô in font cmr10!
) [2


] (acknowledgements.tex) [3



] (sample-thesis.toc
LaTeX Font Info:    External font `cmex10' loaded for size
(Font)              <10.95> on input line 3.
LaTeX Font Info:    External font `cmex10' loaded for size
(Font)              <8> on input line 3.
LaTeX Font Info:    External font `cmex10' loaded for size
(Font)              <6> on input line 3.
 [4


])
\tf@toc=\write5
 [5]
[6

] (introduction.tex
Chapter 1.
[1



]) [2] (background.tex
Chapter 2.
LaTeX Font Info:    Try loading font information for OMS+cmr on input line 14.
(C:\Users\Geoffrey\Desktop\Miktex\tex\latex\base\omscmr.fd
File: omscmr.fd 2014/09/29 v2.5h Standard LaTeX font definitions
)
LaTeX Font Info:    Font shape `OMS/cmr/m/n' in size <10.95> not available
(Font)              Font shape `OMS/cmsy/m/n' tried instead on input line 14.
 [3



]
<images/factoranalysis.jpg, id=77, 415.5525pt x 388.45125pt>
File: images/factoranalysis.jpg Graphic file (type jpg)

<use images/factoranalysis.jpg>
Package pdftex.def Info: images/factoranalysis.jpg used on input line 22.
(pdftex.def)             Requested size: 249.33342pt x 233.07254pt.
 [4 <./images/factoranalysis.jpg>] [5] [6]
[7] [8] <images/freshness.jpg, id=95, 207.77625pt x 194.22563pt>
File: images/freshness.jpg Graphic file (type jpg)

<use images/freshness.jpg>
Package pdftex.def Info: images/freshness.jpg used on input line 84.
(pdftex.def)             Requested size: 166.2212pt x 155.3807pt.

<images/diversity.jpg, id=96, 251.43938pt x 248.42813pt>
File: images/diversity.jpg Graphic file (type jpg)

<use images/diversity.jpg>
Package pdftex.def Info: images/diversity.jpg used on input line 91.
(pdftex.def)             Requested size: 201.15176pt x 198.74277pt.

Underfull \vbox (badness 10000) has occurred while \output is active []

 [9 <./images/freshness.jpg>] <images/connections.jpg, id=100, 268.75406pt x 10
8.405pt>
File: images/connections.jpg Graphic file (type jpg)

<use images/connections.jpg>
Package pdftex.def Info: images/connections.jpg used on input line 100.
(pdftex.def)             Requested size: 215.00354pt x 86.7241pt.
) [10 <./images/diversity.jpg> <./images/connections.jpg>] (design.tex
Chapter 3.
<images/SurveyQuestion.png, id=104, 721.94719pt x 404.26031pt>
File: images/SurveyQuestion.png Graphic file (type png)

<use images/SurveyQuestion.png>
Package pdftex.def Info: images/SurveyQuestion.png used on input line 14.
(pdftex.def)             Requested size: 505.35959pt x 282.98029pt.

Overfull \hbox (92.79462pt too wide) in paragraph at lines 14--15
 [] 
 []


Underfull \vbox (badness 1642) has occurred while \output is active []

 [11



]
[12 <./images/SurveyQuestion.png>] [13]
<images/newblockdiagram.png, id=115, 617.30624pt x 695.59875pt>
File: images/newblockdiagram.png Graphic file (type png)

<use images/newblockdiagram.png>
Package pdftex.def Info: images/newblockdiagram.png used on input line 40.
(pdftex.def)             Requested size: 370.3866pt x 417.36247pt.
Missing character: There is no ‚ in font cmr10!
Missing character: There is no Ä in font cmr10!
Missing character: There is no ô in font cmr10!
Missing character: There is no ‚ in font cmr10!
Missing character: There is no Ä in font cmr10!
Missing character: There is no ô in font cmr10!
 [14 <./images/newblockdiagram.png>]
Missing character: There is no ‚ in font cmr10!
Missing character: There is no Ä in font cmr10!
Missing character: There is no ô in font cmr10!
Missing character: There is no ‚ in font cmr10!
Missing character: There is no Ä in font cmr10!
Missing character: There is no ô in font cmr10!
Missing character: There is no ‚ in font cmr10!
Missing character: There is no Ä in font cmr10!
Missing character: There is no ô in font cmr10!
) [15]
[16] (implementation.tex
Chapter 4.
[17



]
Missing character: There is no ‚ in font cmr10!
Missing character: There is no Ä in font cmr10!
Missing character: There is no ô in font cmr10!
Missing character: There is no ‚ in font cmr10!
Missing character: There is no Ä in font cmr10!
Missing character: There is no ô in font cmr10!
 <images/UMLFeed.png, id=130, 210.7875pt x 324.21124pt>
File: images/UMLFeed.png Graphic file (type png)

<use images/UMLFeed.png>
Package pdftex.def Info: images/UMLFeed.png used on input line 43.
(pdftex.def)             Requested size: 168.63022pt x 259.36934pt.

Underfull \vbox (badness 1210) has occurred while \output is active []

 [18]
Missing character: There is no ‚ in font cmr10!
Missing character: There is no Ä in font cmr10!
Missing character: There is no ô in font cmr10!

[19 <./images/UMLFeed.png>] [20]
Missing character: There is no ‚ in font cmr10!
Missing character: There is no Ä in font cmr10!
Missing character: There is no ô in font cmr10!
Missing character: There is no ‚ in font cmr10!
Missing character: There is no Ä in font cmr10!
Missing character: There is no ô in font cmr10!
 [21]
Missing character: There is no ‚ in font cmr10!
Missing character: There is no Ä in font cmr10!
Missing character: There is no ô in font cmr10!
 [22]
<images/surveyTable.png, id=148, 496.10344pt x 452.4403pt>
File: images/surveyTable.png Graphic file (type png)

<use images/surveyTable.png>
Package pdftex.def Info: images/surveyTable.png used on input line 115.
(pdftex.def)             Requested size: 396.88329pt x 361.95274pt.

<images/usermodelChart2.png, id=149, 602.25pt x 372.39125pt>
File: images/usermodelChart2.png Graphic file (type png)

<use images/usermodelChart2.png>
Package pdftex.def Info: images/usermodelChart2.png used on input line 122.
(pdftex.def)             Requested size: 481.80064pt x 297.91339pt.

Overfull \hbox (69.23567pt too wide) in paragraph at lines 122--123
 [] 
 []

[23 <./images/surveyTable.png>]
Missing character: There is no ‚ in font cmr10!
Missing character: There is no Ä in font cmr10!
Missing character: There is no ò in font cmr10!
Missing character: There is no ‚ in font cmr10!
Missing character: There is no Ä in font cmr10!
Missing character: There is no ô in font cmr10!
Missing character: There is no ‚ in font cmr10!
Missing character: There is no Ä in font cmr10!
Missing character: There is no ú in font cmr10!
Missing character: There is no ‚ in font cmr10!
Missing character: There is no Ä in font cmr10!
Missing character: There is no ù in font cmr10!
 [24 <./images/usermodelChart2.png>] [25]
<images/mainscreen.png, id=162, 873.2625pt x 333.49594pt>
File: images/mainscreen.png Graphic file (type png)

<use images/mainscreen.png>
Package pdftex.def Info: images/mainscreen.png used on input line 142.
(pdftex.def)             Requested size: 436.63017pt x 166.74756pt.

Overfull \hbox (24.0652pt too wide) in paragraph at lines 142--143
 [] 
 []

<images/rankedFeed.png, id=163, 874.01532pt x 654.19406pt>
File: images/rankedFeed.png Graphic file (type png)

<use images/rankedFeed.png>
Package pdftex.def Info: images/rankedFeed.png used on input line 151.
(pdftex.def)             Requested size: 437.00659pt x 327.09622pt.

Overfull \hbox (24.44162pt too wide) in paragraph at lines 151--152
 [] 
 []


Underfull \vbox (badness 10000) has occurred while \output is active []

 [26 <./images/mainscreen.png>] [27 <./images/rankedFeed.png>]
Missing character: There is no ‚ in font cmr10!
Missing character: There is no Ä in font cmr10!
Missing character: There is no ô in font cmr10!
Missing character: There is no ‚ in font cmr10!
Missing character: There is no Ä in font cmr10!
Missing character: There is no ô in font cmr10!
Missing character: There is no ‚ in font cmr10!
Missing character: There is no Ä in font cmr10!
Missing character: There is no ò in font cmr10!
Missing character: There is no ‚ in font cmr10!
Missing character: There is no Ä in font cmr10!
Missing character: There is no ô in font cmr10!
) [28] (evaluation.tex
Chapter 5.
[29



]
Missing character: There is no ‚ in font cmr10!
Missing character: There is no Ä in font cmr10!
Missing character: There is no ô in font cmr10!
Missing character: There is no ‚ in font cmr10!
Missing character: There is no Ä in font cmr10!
Missing character: There is no ô in font cmr10!
 <images/results.png, id=178, 389.95688pt x 99.37125pt>
File: images/results.png Graphic file (type png)

<use images/results.png>
Package pdftex.def Info: images/results.png used on input line 23.
(pdftex.def)             Requested size: 311.96591pt x 79.4971pt.
 [30 <./images/results.png>]
Missing character: There is no ‚ in font cmr10!
Missing character: There is no Ä in font cmr10!
Missing character: There is no ô in font cmr10!
) [31] (conclusion.tex
Chapter 6.
) [32



] [33] (sample-thesis.bbl
Missing character: There is no ‚ in font cmr10!
Missing character: There is no Ä in font cmr10!
Missing character: There is no ô in font cmr10!
) [34



] (sample-thesis.aux (abstract.aux)
(acknowledgements.aux) (introduction.aux) (background.aux) (design.aux)
(implementation.aux) (evaluation.aux) (conclusion.aux)) ) 
Here is how much of TeX's memory you used:
 3300 strings out of 493673
 50431 string characters out of 3141951
 120998 words of memory out of 3000000
 6551 multiletter control sequences out of 15000+200000
 18489 words of font info for 45 fonts, out of 3000000 for 9000
 1025 hyphenation exceptions out of 8191
 36i,13n,45p,993b,422s stack positions out of 5000i,500n,10000p,200000b,50000s
{C:/Users/Geoffrey/Des
ktop/Miktex/fonts/enc/dvips/fontname/8r.enc}<C:/Users/Geoffrey/Desktop/Miktex/f
onts/type1/public/amsfonts/cm/cmbx10.pfb><C:/Users/Geoffrey/Desktop/Miktex/font
s/type1/public/amsfonts/cm/cmbx12.pfb><C:/Users/Geoffrey/Desktop/Miktex/fonts/t
ype1/public/amsfonts/cm/cmr10.pfb><C:/Users/Geoffrey/Desktop/Miktex/fonts/type1
/public/amsfonts/cm/cmr8.pfb><C:/Users/Geoffrey/Desktop/Miktex/fonts/type1/publ
ic/amsfonts/cm/cmsy10.pfb><C:/Users/Geoffrey/Desktop/Miktex/fonts/type1/public/
amsfonts/cm/cmti10.pfb><C:/Users/Geoffrey/Desktop/Miktex/fonts/type1/urw/helvet
ic/uhvb8a.pfb><C:/Users/Geoffrey/Desktop/Miktex/fonts/type1/urw/helvetic/uhvr8a
.pfb>
Output written on sample-thesis.pdf (40 pages, 687278 bytes).
PDF statistics:
 225 PDF objects out of 1000 (max. 8388607)
 0 named destinations out of 1000 (max. 500000)
 66 words of extra memory for PDF output out of 10000 (max. 10000000)

